2024-04-29T09:42:44.773Z: Started!
2024-04-29T09:42:45.284Z: reject all permissions!
2024-04-29T09:42:45.284Z: using cookies from local-disk from previous runs
2024-04-29T09:42:55.224Z: checking for login
2024-04-29T09:42:55.238Z: Cookies login was successful.
2024-04-29T09:42:55.240Z: running application for [Scarborough, ON Canada]
2024-04-29T09:42:57.239Z: running application for [Barrhaven, ON Canada]
2024-04-29T09:42:59.239Z: running application for [Whitby, ON Canada]
2024-04-29T09:43:01.239Z: running application for [Belleville, ON Canada]
2024-04-29T09:43:08.502Z: failed to succeed for [Scarborough, ON Canada] application
2024-04-29T09:43:08.517Z: site msg for Scarborough, ON Canada :: Sorry, we do not have a shift available that matches your preferences. Check back or sign up for alerts and be notified when new shifts are available. Text MOREJOBS to 77088 for text alerts, or sign up for email alerts
2024-04-29T09:43:09.824Z: failed to succeed for [Barrhaven, ON Canada] application
2024-04-29T09:43:09.832Z: site msg for Barrhaven, ON Canada :: Sorry, we do not have a shift available that matches your preferences. Check back or sign up for alerts and be notified when new shifts are available. Text MOREJOBS to 77088 for text alerts, or sign up for email alerts
2024-04-29T09:43:09.933Z: failed to succeed for [Whitby, ON Canada] application
2024-04-29T09:43:09.943Z: site msg for Whitby, ON Canada :: Sorry, we do not have a shift available that matches your preferences. Check back or sign up for alerts and be notified when new shifts are available. Text MOREJOBS to 77088 for text alerts, or sign up for email alerts
2024-04-29T09:43:11.639Z: failed to succeed for [Belleville, ON Canada] application
2024-04-29T09:43:11.647Z: site msg for Belleville, ON Canada :: Sorry, we do not have a shift available that matches your preferences. Check back or sign up for alerts and be notified when new shifts are available. Text MOREJOBS to 77088 for text alerts, or sign up for email alerts
2024-04-29T09:43:19.368Z: failed to succeed for [Scarborough, ON Canada] application
2024-04-29T09:43:19.377Z: site msg for Scarborough, ON Canada :: Sorry, we do not have a shift available that matches your preferences. Check back or sign up for alerts and be notified when new shifts are available. Text MOREJOBS to 77088 for text alerts, or sign up for email alerts
2024-04-29T09:43:20.103Z: failed to succeed for [Barrhaven, ON Canada] application
2024-04-29T09:43:20.115Z: site msg for Barrhaven, ON Canada :: Sorry, we do not have a shift available that matches your preferences. Check back or sign up for alerts and be notified when new shifts are available. Text MOREJOBS to 77088 for text alerts, or sign up for email alerts
2024-04-29T09:43:20.536Z: failed to succeed for [Whitby, ON Canada] application
2024-04-29T09:43:20.546Z: site msg for Whitby, ON Canada :: Sorry, we do not have a shift available that matches your preferences. Check back or sign up for alerts and be notified when new shifts are available. Text MOREJOBS to 77088 for text alerts, or sign up for email alerts
2024-04-29T09:43:22.646Z: failed to succeed for [Belleville, ON Canada] application
2024-04-29T09:43:22.658Z: site msg for Belleville, ON Canada :: Sorry, we do not have a shift available that matches your preferences. Check back or sign up for alerts and be notified when new shifts are available. Text MOREJOBS to 77088 for text alerts, or sign up for email alerts
